This is pdfTeX, Version 3.1415926-2.4-1.40.13 (TeX Live 2012) (format=pdflatex 2012.6.30)  27 JUL 2015 15:01
entering extended mode
 restricted \write18 enabled.
 %&-line parsing enabled.
**Semrel_template.tex
(./Semrel_template.tex
LaTeX2e <2011/06/27>
Babel <v3.8m> and hyphenation patterns for english, dumylang, nohyphenation, ge
rman-x-2012-05-30, ngerman-x-2012-05-30, afrikaans, ancientgreek, ibycus, arabi
c, armenian, basque, bulgarian, catalan, pinyin, coptic, croatian, czech, danis
h, dutch, ukenglish, usenglishmax, esperanto, estonian, ethiopic, farsi, finnis
h, french, friulan, galician, german, ngerman, swissgerman, monogreek, greek, h
ungarian, icelandic, assamese, bengali, gujarati, hindi, kannada, malayalam, ma
rathi, oriya, panjabi, tamil, telugu, indonesian, interlingua, irish, italian, 
kurmanji, latin, latvian, lithuanian, mongolian, mongolianlmc, bokmal, nynorsk,
 polish, portuguese, romanian, romansh, russian, sanskrit, serbian, serbianc, s
lovak, slovenian, spanish, swedish, turkish, turkmen, ukrainian, uppersorbian, 
welsh, loaded.
(/usr/local/texlive/2012/texmf-dist/tex/latex/base/article.cls
Document Class: article 2007/10/19 v1.4h Standard LaTeX document class
(/usr/local/texlive/2012/texmf-dist/tex/latex/base/size12.clo
File: size12.clo 2007/10/19 v1.4h Standard LaTeX file (size option)
)
\c@part=\count79
\c@section=\count80
\c@subsection=\count81
\c@subsubsection=\count82
\c@paragraph=\count83
\c@subparagraph=\count84
\c@figure=\count85
\c@table=\count86
\abovecaptionskip=\skip41
\belowcaptionskip=\skip42
\bibindent=\dimen102
)
(/usr/local/texlive/2012/texmf-dist/tex/latex/psnfss/mathptmx.sty
Package: mathptmx 2005/04/12 PSNFSS-v9.2a Times w/ Math, improved (SPQR, WaS) 
LaTeX Font Info:    Redeclaring symbol font `operators' on input line 28.
LaTeX Font Info:    Overwriting symbol font `operators' in version `normal'
(Font)                  OT1/cmr/m/n --> OT1/ztmcm/m/n on input line 28.
LaTeX Font Info:    Overwriting symbol font `operators' in version `bold'
(Font)                  OT1/cmr/bx/n --> OT1/ztmcm/m/n on input line 28.
LaTeX Font Info:    Redeclaring symbol font `letters' on input line 29.
LaTeX Font Info:    Overwriting symbol font `letters' in version `normal'
(Font)                  OML/cmm/m/it --> OML/ztmcm/m/it on input line 29.
LaTeX Font Info:    Overwriting symbol font `letters' in version `bold'
(Font)                  OML/cmm/b/it --> OML/ztmcm/m/it on input line 29.
LaTeX Font Info:    Redeclaring symbol font `symbols' on input line 30.
LaTeX Font Info:    Overwriting symbol font `symbols' in version `normal'
(Font)                  OMS/cmsy/m/n --> OMS/ztmcm/m/n on input line 30.
LaTeX Font Info:    Overwriting symbol font `symbols' in version `bold'
(Font)                  OMS/cmsy/b/n --> OMS/ztmcm/m/n on input line 30.
LaTeX Font Info:    Redeclaring symbol font `largesymbols' on input line 31.
LaTeX Font Info:    Overwriting symbol font `largesymbols' in version `normal'
(Font)                  OMX/cmex/m/n --> OMX/ztmcm/m/n on input line 31.
LaTeX Font Info:    Overwriting symbol font `largesymbols' in version `bold'
(Font)                  OMX/cmex/m/n --> OMX/ztmcm/m/n on input line 31.
\symbold=\mathgroup4
\symitalic=\mathgroup5
LaTeX Font Info:    Redeclaring math alphabet \mathbf on input line 34.
LaTeX Font Info:    Overwriting math alphabet `\mathbf' in version `normal'
(Font)                  OT1/cmr/bx/n --> OT1/ptm/bx/n on input line 34.
LaTeX Font Info:    Overwriting math alphabet `\mathbf' in version `bold'
(Font)                  OT1/cmr/bx/n --> OT1/ptm/bx/n on input line 34.
LaTeX Font Info:    Redeclaring math alphabet \mathit on input line 35.
LaTeX Font Info:    Overwriting math alphabet `\mathit' in version `normal'
(Font)                  OT1/cmr/m/it --> OT1/ptm/m/it on input line 35.
LaTeX Font Info:    Overwriting math alphabet `\mathit' in version `bold'
(Font)                  OT1/cmr/bx/it --> OT1/ptm/m/it on input line 35.
LaTeX Info: Redefining \hbar on input line 50.
)
(/usr/local/texlive/2012/texmf-dist/tex/latex/tools/calc.sty
Package: calc 2007/08/22 v4.3 Infix arithmetic (KKT,FJ)
\calc@Acount=\count87
\calc@Bcount=\count88
\calc@Adimen=\dimen103
\calc@Bdimen=\dimen104
\calc@Askip=\skip43
\calc@Bskip=\skip44
LaTeX Info: Redefining \setlength on input line 76.
LaTeX Info: Redefining \addtolength on input line 77.
\calc@Ccount=\count89
\calc@Cskip=\skip45
)
(/usr/local/texlive/2012/texmf-dist/tex/latex/graphics/graphicx.sty
Package: graphicx 1999/02/16 v1.0f Enhanced LaTeX Graphics (DPC,SPQR)

(/usr/local/texlive/2012/texmf-dist/tex/latex/graphics/keyval.sty
Package: keyval 1999/03/16 v1.13 key=value parser (DPC)
\KV@toks@=\toks14
)
(/usr/local/texlive/2012/texmf-dist/tex/latex/graphics/graphics.sty
Package: graphics 2009/02/05 v1.0o Standard LaTeX Graphics (DPC,SPQR)

(/usr/local/texlive/2012/texmf-dist/tex/latex/graphics/trig.sty
Package: trig 1999/03/16 v1.09 sin cos tan (DPC)
)
(/usr/local/texlive/2012/texmf-dist/tex/latex/latexconfig/graphics.cfg
File: graphics.cfg 2010/04/23 v1.9 graphics configuration of TeX Live
)
Package graphics Info: Driver file: pdftex.def on input line 91.

(/usr/local/texlive/2012/texmf-dist/tex/latex/pdftex-def/pdftex.def
File: pdftex.def 2011/05/27 v0.06d Graphics/color for pdfTeX

(/usr/local/texlive/2012/texmf-dist/tex/generic/oberdiek/infwarerr.sty
Package: infwarerr 2010/04/08 v1.3 Providing info/warning/error messages (HO)
)
(/usr/local/texlive/2012/texmf-dist/tex/generic/oberdiek/ltxcmds.sty
Package: ltxcmds 2011/11/09 v1.22 LaTeX kernel commands for general use (HO)
)
\Gread@gobject=\count90
))
\Gin@req@height=\dimen105
\Gin@req@width=\dimen106
)
(/usr/local/texlive/2012/texmf-dist/tex/latex/fancyhdr/fancyhdr.sty
\fancy@headwidth=\skip46
\f@ncyO@elh=\skip47
\f@ncyO@erh=\skip48
\f@ncyO@olh=\skip49
\f@ncyO@orh=\skip50
\f@ncyO@elf=\skip51
\f@ncyO@erf=\skip52
\f@ncyO@olf=\skip53
\f@ncyO@orf=\skip54
)
(/usr/local/texlive/2012/texmf-dist/tex/latex/amsmath/amsmath.sty
Package: amsmath 2000/07/18 v2.13 AMS math features
\@mathmargin=\skip55

For additional information on amsmath, use the `?' option.
(/usr/local/texlive/2012/texmf-dist/tex/latex/amsmath/amstext.sty
Package: amstext 2000/06/29 v2.01

(/usr/local/texlive/2012/texmf-dist/tex/latex/amsmath/amsgen.sty
File: amsgen.sty 1999/11/30 v2.0
\@emptytoks=\toks15
\ex@=\dimen107
))
(/usr/local/texlive/2012/texmf-dist/tex/latex/amsmath/amsbsy.sty
Package: amsbsy 1999/11/29 v1.2d
\pmbraise@=\dimen108
)
(/usr/local/texlive/2012/texmf-dist/tex/latex/amsmath/amsopn.sty
Package: amsopn 1999/12/14 v2.01 operator names
)
\inf@bad=\count91
LaTeX Info: Redefining \frac on input line 211.
\uproot@=\count92
\leftroot@=\count93
LaTeX Info: Redefining \overline on input line 307.
\classnum@=\count94
\DOTSCASE@=\count95
LaTeX Info: Redefining \ldots on input line 379.
LaTeX Info: Redefining \dots on input line 382.
LaTeX Info: Redefining \cdots on input line 467.
\Mathstrutbox@=\box26
\strutbox@=\box27
\big@size=\dimen109
LaTeX Font Info:    Redeclaring font encoding OML on input line 567.
LaTeX Font Info:    Redeclaring font encoding OMS on input line 568.
\macc@depth=\count96
\c@MaxMatrixCols=\count97
\dotsspace@=\muskip10
\c@parentequation=\count98
\dspbrk@lvl=\count99
\tag@help=\toks16
\row@=\count100
\column@=\count101
\maxfields@=\count102
\andhelp@=\toks17
\eqnshift@=\dimen110
\alignsep@=\dimen111
\tagshift@=\dimen112
\tagwidth@=\dimen113
\totwidth@=\dimen114
\lineht@=\dimen115
\@envbody=\toks18
\multlinegap=\skip56
\multlinetaggap=\skip57
\mathdisplay@stack=\toks19
LaTeX Info: Redefining \[ on input line 2666.
LaTeX Info: Redefining \] on input line 2667.
)
(/usr/local/texlive/2012/texmf-dist/tex/latex/geometry/geometry.sty
Package: geometry 2010/09/12 v5.6 Page Geometry

(/usr/local/texlive/2012/texmf-dist/tex/generic/oberdiek/ifpdf.sty
Package: ifpdf 2011/01/30 v2.3 Provides the ifpdf switch (HO)
Package ifpdf Info: pdfTeX in PDF mode is detected.
)
(/usr/local/texlive/2012/texmf-dist/tex/generic/oberdiek/ifvtex.sty
Package: ifvtex 2010/03/01 v1.5 Detect VTeX and its facilities (HO)
Package ifvtex Info: VTeX not detected.
)
(/usr/local/texlive/2012/texmf-dist/tex/generic/ifxetex/ifxetex.sty
Package: ifxetex 2010/09/12 v0.6 Provides ifxetex conditional
)
\Gm@cnth=\count103
\Gm@cntv=\count104
\c@Gm@tempcnt=\count105
\Gm@bindingoffset=\dimen116
\Gm@wd@mp=\dimen117
\Gm@odd@mp=\dimen118
\Gm@even@mp=\dimen119
\Gm@layoutwidth=\dimen120
\Gm@layoutheight=\dimen121
\Gm@layouthoffset=\dimen122
\Gm@layoutvoffset=\dimen123
\Gm@dimlist=\toks20
)
(/usr/local/texlive/2012/texmf-dist/tex/latex/setspace/setspace.sty
Package: setspace 2011/12/19 v6.7a set line spacing
)
(/usr/local/texlive/2012/texmf-dist/tex/latex/tools/dcolumn.sty
Package: dcolumn 2001/05/28 v1.06 decimal alignment package (DPC)

(/usr/local/texlive/2012/texmf-dist/tex/latex/tools/array.sty
Package: array 2008/09/09 v2.4c Tabular extension package (FMi)
\col@sep=\dimen124
\extrarowheight=\dimen125
\NC@list=\toks21
\extratabsurround=\skip58
\backup@length=\skip59
))
(/usr/local/texlive/2012/texmf-dist/tex/latex/ctable/ctable.sty
Package: ctable 2012/05/28 v1.23 ctable package

(/usr/local/texlive/2012/texmf-dist/tex/latex/graphics/color.sty
Package: color 2005/11/14 v1.0j Standard LaTeX Color (DPC)

(/usr/local/texlive/2012/texmf-dist/tex/latex/latexconfig/color.cfg
File: color.cfg 2007/01/18 v1.5 color configuration of teTeX/TeXLive
)
Package color Info: Driver file: pdftex.def on input line 130.
)
(/usr/local/texlive/2012/texmf-dist/tex/latex/xkeyval/xkeyval.sty
Package: xkeyval 2008/08/13 v2.6a package option processing (HA)

(/usr/local/texlive/2012/texmf-dist/tex/generic/xkeyval/xkeyval.tex
\XKV@toks=\toks22
\XKV@tempa@toks=\toks23
\XKV@depth=\count106
File: xkeyval.tex 2008/08/13 v2.6a key=value parser (HA)
))
(/usr/local/texlive/2012/texmf-dist/tex/latex/tools/tabularx.sty
Package: tabularx 1999/01/07 v2.07 `tabularx' package (DPC)
\TX@col@width=\dimen126
\TX@old@table=\dimen127
\TX@old@col=\dimen128
\TX@target=\dimen129
\TX@delta=\dimen130
\TX@cols=\count107
\TX@ftn=\toks24
)
(/usr/local/texlive/2012/texmf-dist/tex/latex/booktabs/booktabs.sty
Package: booktabs 2005/04/14 v1.61803 publication quality tables
\heavyrulewidth=\dimen131
\lightrulewidth=\dimen132
\cmidrulewidth=\dimen133
\belowrulesep=\dimen134
\belowbottomsep=\dimen135
\aboverulesep=\dimen136
\abovetopsep=\dimen137
\cmidrulesep=\dimen138
\cmidrulekern=\dimen139
\defaultaddspace=\dimen140
\@cmidla=\count108
\@cmidlb=\count109
\@aboverulesep=\dimen141
\@belowrulesep=\dimen142
\@thisruleclass=\count110
\@lastruleclass=\count111
\@thisrulewidth=\dimen143
)
(/usr/local/texlive/2012/texmf-dist/tex/latex/rotating/rotating.sty
Package: rotating 2009/03/28 v2.16a rotated objects in LaTeX

(/usr/local/texlive/2012/texmf-dist/tex/latex/base/ifthen.sty
Package: ifthen 2001/05/26 v1.1c Standard LaTeX ifthen package (DPC)
)
\c@r@tfl@t=\count112
\rotFPtop=\skip60
\rotFPbot=\skip61
\rot@float@box=\box28
\rot@mess@toks=\toks25
)
(/usr/local/texlive/2012/texmf-dist/tex/latex/etoolbox/etoolbox.sty
Package: etoolbox 2011/01/03 v2.1 e-TeX tools for LaTeX

(/usr/local/texlive/2012/texmf-dist/tex/latex/etex-pkg/etex.sty
Package: etex 1998/03/26 v2.0 eTeX basic definition package (PEB)
\et@xins=\count113
)
\etb@tempcnta=\count114
)
\@ctblframesep=\dimen144
\@defaultctblframesep=\dimen145
\@ctblframerule=\dimen146
\@defaultctblframerule=\dimen147
\@ctblwidth=\dimen148
\@defaultctblwidth=\dimen149
\@ctblcaptionskip=\dimen150
\@defaultctblcaptionskip=\dimen151
\@ctblmaxwidth=\dimen152
\@defaultctblmaxwidth=\dimen153
\@ctblmincapwidth=\dimen154
\@defaultctblmincapwidth=\dimen155
\@ctblfooterwidth=\dimen156
\@defaultctblfooterwidth=\dimen157
\@ctblw=\dimen158
\@ctblfloatwidth=\dimen159
\@ctbloldsep=\dimen160
\@ctbloldrule=\dimen161
\ctbl@t=\box29
)
(/usr/local/texlive/2012/texmf-dist/tex/latex/amsfonts/amsfonts.sty
Package: amsfonts 2009/06/22 v3.00 Basic AMSFonts support
\symAMSa=\mathgroup6
\symAMSb=\mathgroup7
LaTeX Font Info:    Overwriting math alphabet `\mathfrak' in version `bold'
(Font)                  U/euf/m/n --> U/euf/b/n on input line 96.
)
(/usr/local/texlive/2012/texmf-dist/tex/latex/psfrag/psfrag.sty
Package: psfrag 1998/04/11 v3.04 PSfrag (MCG)
\pfg@pcount=\count115
\pfg@scount=\count116
\pfg@temp=\write3
)
(/usr/local/texlive/2012/texmf-dist/tex/latex/tools/layout.sty
Package: layout 2000/09/25 v1.2c Show layout parameters
\oneinch=\count117
\cnt@paperwidth=\count118
\cnt@paperheight=\count119
\cnt@hoffset=\count120
\cnt@voffset=\count121
\cnt@textheight=\count122
\cnt@textwidth=\count123
\cnt@topmargin=\count124
\cnt@oddsidemargin=\count125
\cnt@evensidemargin=\count126
\cnt@headheight=\count127
\cnt@headsep=\count128
\cnt@marginparsep=\count129
\cnt@marginparwidth=\count130
\cnt@marginparpush=\count131
\cnt@footskip=\count132
\fheight=\count133
\ref@top=\count134
\ref@hoffset=\count135
\ref@voffset=\count136
\ref@head=\count137
\ref@body=\count138
\ref@foot=\count139
\ref@margin=\count140
\ref@marginwidth=\count141
\ref@marginpar=\count142
\Interval=\count143
\ExtraYPos=\count144
\PositionX=\count145
\PositionY=\count146
\ArrowLength=\count147
)
(/usr/local/texlive/2012/texmf-dist/tex/latex/appendix/appendix.sty
Package: appendix 2009/09/02 v1.2b extra appendix facilities
\c@@pps=\count148
\c@@ppsavesec=\count149
\c@@ppsaveapp=\count150
)
(/usr/local/texlive/2012/texmf-dist/tex/latex/subfigure/subfigure.sty
Package: subfigure 2002/03/15 v2.1.5 subfigure package
\subfigtopskip=\skip62
\subfigcapskip=\skip63
\subfigcaptopadj=\dimen162
\subfigbottomskip=\skip64
\subfigcapmargin=\dimen163
\subfiglabelskip=\skip65
\c@subfigure=\count151
\c@lofdepth=\count152
\c@subtable=\count153
\c@lotdepth=\count154

****************************************
* Local config file subfigure.cfg used *
****************************************
(/usr/local/texlive/2012/texmf-dist/tex/latex/subfigure/subfigure.cfg)
\subfig@top=\skip66
\subfig@bottom=\skip67
)
(/usr/local/texlive/2012/texmf-dist/tex/latex/apacite/apacite.sty
Package: apacite 2012/02/25 v6.01 APA citation
\c@BibCnt=\count155
\bibleftmargin=\skip68
\bibindent=\skip69
\bibparsep=\skip70
\bibitemsep=\skip71
\biblabelsep=\skip72
) (./ling.tex
\c@examplectr=\count156
\c@subexamplectr=\count157
\exampwidth=\skip73
\parboxind=\skip74
) (./stats.tex)
\maxcolwidth=\skip75
\Attwidth=\skip76
 (./Semrel_template.aux)
\openout1 = `Semrel_template.aux'.

LaTeX Font Info:    Checking defaults for OML/cmm/m/it on input line 107.
LaTeX Font Info:    ... okay on input line 107.
LaTeX Font Info:    Checking defaults for T1/cmr/m/n on input line 107.
LaTeX Font Info:    ... okay on input line 107.
LaTeX Font Info:    Checking defaults for OT1/cmr/m/n on input line 107.
LaTeX Font Info:    ... okay on input line 107.
LaTeX Font Info:    Checking defaults for OMS/cmsy/m/n on input line 107.
LaTeX Font Info:    ... okay on input line 107.
LaTeX Font Info:    Checking defaults for OMX/cmex/m/n on input line 107.
LaTeX Font Info:    ... okay on input line 107.
LaTeX Font Info:    Checking defaults for U/cmr/m/n on input line 107.
LaTeX Font Info:    ... okay on input line 107.
LaTeX Font Info:    Try loading font information for OT1+ptm on input line 107.


(/usr/local/texlive/2012/texmf-dist/tex/latex/psnfss/ot1ptm.fd
File: ot1ptm.fd 2001/06/04 font definitions for OT1/ptm.
)
(/usr/local/texlive/2012/texmf-dist/tex/context/base/supp-pdf.mkii
[Loading MPS to PDF converter (version 2006.09.02).]
\scratchcounter=\count158
\scratchdimen=\dimen164
\scratchbox=\box30
\nofMPsegments=\count159
\nofMParguments=\count160
\everyMPshowfont=\toks26
\MPscratchCnt=\count161
\MPscratchDim=\dimen165
\MPnumerator=\count162
\makeMPintoPDFobject=\count163
\everyMPtoPDFconversion=\toks27
) (/usr/local/texlive/2012/texmf-dist/tex/generic/oberdiek/pdftexcmds.sty
Package: pdftexcmds 2011/11/29 v0.20 Utility functions of pdfTeX for LuaTeX (HO
)

(/usr/local/texlive/2012/texmf-dist/tex/generic/oberdiek/ifluatex.sty
Package: ifluatex 2010/03/01 v1.3 Provides the ifluatex switch (HO)
Package ifluatex Info: LuaTeX not detected.
)
Package pdftexcmds Info: LuaTeX not detected.
Package pdftexcmds Info: \pdf@primitive is available.
Package pdftexcmds Info: \pdf@ifprimitive is available.
Package pdftexcmds Info: \pdfdraftmode found.
)
(/usr/local/texlive/2012/texmf-dist/tex/latex/oberdiek/epstopdf-base.sty
Package: epstopdf-base 2010/02/09 v2.5 Base part for package epstopdf

(/usr/local/texlive/2012/texmf-dist/tex/latex/oberdiek/grfext.sty
Package: grfext 2010/08/19 v1.1 Manage graphics extensions (HO)

(/usr/local/texlive/2012/texmf-dist/tex/generic/oberdiek/kvdefinekeys.sty
Package: kvdefinekeys 2011/04/07 v1.3 Define keys (HO)
))
(/usr/local/texlive/2012/texmf-dist/tex/latex/oberdiek/kvoptions.sty
Package: kvoptions 2011/06/30 v3.11 Key value format for package options (HO)

(/usr/local/texlive/2012/texmf-dist/tex/generic/oberdiek/kvsetkeys.sty
Package: kvsetkeys 2012/04/25 v1.16 Key value parser (HO)

(/usr/local/texlive/2012/texmf-dist/tex/generic/oberdiek/etexcmds.sty
Package: etexcmds 2011/02/16 v1.5 Avoid name clashes with e-TeX commands (HO)
Package etexcmds Info: Could not find \expanded.
(etexcmds)             That can mean that you are not using pdfTeX 1.50 or
(etexcmds)             that some package has redefined \expanded.
(etexcmds)             In the latter case, load this package earlier.
)))
Package grfext Info: Graphics extension search list:
(grfext)             [.png,.pdf,.jpg,.mps,.jpeg,.jbig2,.jb2,.PNG,.PDF,.JPG,.JPE
G,.JBIG2,.JB2,.eps]
(grfext)             \AppendGraphicsExtensions on input line 452.

(/usr/local/texlive/2012/texmf-dist/tex/latex/latexconfig/epstopdf-sys.cfg
File: epstopdf-sys.cfg 2010/07/13 v1.3 Configuration of (r)epstopdf for TeX Liv
e
))
*geometry* driver: auto-detecting
*geometry* detected driver: pdftex
*geometry* verbose mode - [ preamble ] result:
* driver: pdftex
* paper: <default>
* layout: <same size as paper>
* layoutoffset:(h,v)=(0.0pt,0.0pt)
* hratio: 1:1
* vratio: 1:1
* modes: 
* h-part:(L,W,R)=(72.26999pt, 469.75502pt, 72.26999pt)
* v-part:(T,H,B)=(72.26999pt, 650.43001pt, 72.26999pt)
* \paperwidth=614.295pt
* \paperheight=794.96999pt
* \textwidth=469.75502pt
* \textheight=650.43001pt
* \oddsidemargin=0.0pt
* \evensidemargin=0.0pt
* \topmargin=-37.0pt
* \headheight=12.0pt
* \headsep=25.0pt
* \topskip=12.0pt
* \footskip=30.0pt
* \marginparwidth=44.0pt
* \marginparsep=10.0pt
* \columnsep=10.0pt
* \skip\footins=10.8pt plus 4.0pt minus 2.0pt
* \hoffset=0.0pt
* \voffset=0.0pt
* \mag=1000
* \@twocolumnfalse
* \@twosidefalse
* \@mparswitchfalse
* \@reversemarginfalse
* (1in=72.27pt=25.4mm, 1cm=28.453pt)

\c@maskedRefs=\count164
(/usr/local/texlive/2012/texmf-dist/tex/latex/apacite/english.apc
File: english.apc 2012/02/25 v6.01 apacite language file
LaTeX Info: Redefining \BPBI on input line 129.
LaTeX Info: Redefining \BHBI on input line 130.
) [1
Non-PDF special ignored!{/usr/local/texlive/2012/texmf-var/fonts/map/pdftex/upd
map/pdftex.map}

]
LaTeX Font Info:    Font shape `OT1/ptm/bx/n' in size <12> not available
(Font)              Font shape `OT1/ptm/b/n' tried instead on input line 158.

! Misplaced alignment tab character &.
l.164 ...eement production (e.g., Barker, Nicol, &
                                                   Garrett, 2001; Solomon & ...
I can't figure out why you would want to use a tab mark
here. If you just want an ampersand, the remedy is
simple: Just type `I\&' now. But if some right brace
up above has ended a previous alignment prematurely,
you're probably due for more error messages, and you
might try typing `S' now just to see what is salvageable.

! Misplaced alignment tab character &.
l.164 ...Barker, Nicol, & Garrett, 2001; Solomon &
                                                   Pearlmutter, 2004; Thornt...
I can't figure out why you would want to use a tab mark
here. If you just want an ampersand, the remedy is
simple: Just type `I\&' now. But if some right brace
up above has ended a previous alignment prematurely,
you're probably due for more error messages, and you
might try typing `S' now just to see what is salvageable.

! Misplaced alignment tab character &.
l.164 ...; Solomon & Pearlmutter, 2004; Thornton &
                                                   MacDonald, 2003). In a ty...
I can't figure out why you would want to use a tab mark
here. If you just want an ampersand, the remedy is
simple: Just type `I\&' now. But if some right brace
up above has ended a previous alignment prematurely,
you're probably due for more error messages, and you
might try typing `S' now just to see what is salvageable.

! Misplaced alignment tab character &.
l.164 ...entence completion paradigm (e.g., Bock &
                                                   Miller, 1991; Solomon & P...
I can't figure out why you would want to use a tab mark
here. If you just want an ampersand, the remedy is
simple: Just type `I\&' now. But if some right brace
up above has ended a previous alignment prematurely,
you're probably due for more error messages, and you
might try typing `S' now just to see what is salvageable.

! Misplaced alignment tab character &.
l.164 ...igm (e.g., Bock & Miller, 1991; Solomon &
                                                   Pearlmutter), participant...
I can't figure out why you would want to use a tab mark
here. If you just want an ampersand, the remedy is
simple: Just type `I\&' now. But if some right brace
up above has ended a previous alignment prematurely,
you're probably due for more error messages, and you
might try typing `S' now just to see what is salvageable.

[2] [3]
LaTeX Font Info:    Font shape `OT1/ptm/bx/n' in size <17.28> not available
(Font)              Font shape `OT1/ptm/b/n' tried instead on input line 175.


LaTeX Warning: Citation `BockLevelt94' undefined on input line 178.


LaTeX Warning: Citation `Selkirk84' undefined on input line 180.


LaTeX Warning: Citation `CooperPaccia-Cooper80' undefined on input line 180.


LaTeX Warning: Citation `Ferreira88' undefined on input line 180.


LaTeX Warning: Citation `Ferreira93' undefined on input line 180.


LaTeX Warning: Citation `WagnerWatson10' undefined on input line 184.


LaTeX Warning: Citation `AylettTurk04' undefined on input line 184.


LaTeX Warning: Citation `BellEtAl09' undefined on input line 184.


LaTeX Warning: Citation `GahlGarnsey04' undefined on input line 184.


LaTeX Warning: Citation `JaegerPost10' undefined on input line 184.


LaTeX Warning: Citation `PiantadosiEtAl11' undefined on input line 184.


LaTeX Warning: Citation `ShieldsBalota91' undefined on input line 184.


LaTeX Warning: Citation `TilyEtAl09' undefined on input line 184.


LaTeX Warning: Citation `ClarkWasow98' undefined on input line 184.


LaTeX Warning: Citation `FoxTreeClark97' undefined on input line 184.


LaTeX Warning: Citation `JaegerKidd08' undefined on input line 184.

[3]
LaTeX Font Info:    Try loading font information for OT1+ztmcm on input line 18
7.
 (/usr/local/texlive/2012/texmf-dist/tex/latex/psnfss/ot1ztmcm.fd
File: ot1ztmcm.fd 2000/01/03 Fontinst v1.801 font definitions for OT1/ztmcm.
)
LaTeX Font Info:    Try loading font information for OML+ztmcm on input line 18
7.

(/usr/local/texlive/2012/texmf-dist/tex/latex/psnfss/omlztmcm.fd
File: omlztmcm.fd 2000/01/03 Fontinst v1.801 font definitions for OML/ztmcm.
)
LaTeX Font Info:    Try loading font information for OMS+ztmcm on input line 18
7.

(/usr/local/texlive/2012/texmf-dist/tex/latex/psnfss/omsztmcm.fd
File: omsztmcm.fd 2000/01/03 Fontinst v1.801 font definitions for OMS/ztmcm.
)
LaTeX Font Info:    Try loading font information for OMX+ztmcm on input line 18
7.

(/usr/local/texlive/2012/texmf-dist/tex/latex/psnfss/omxztmcm.fd
File: omxztmcm.fd 2000/01/03 Fontinst v1.801 font definitions for OMX/ztmcm.
)
LaTeX Font Info:    Font shape `OT1/ptm/bx/n' in size <9> not available
(Font)              Font shape `OT1/ptm/b/n' tried instead on input line 187.
LaTeX Font Info:    Font shape `OT1/ptm/bx/n' in size <7> not available
(Font)              Font shape `OT1/ptm/b/n' tried instead on input line 187.
LaTeX Font Info:    Font shape `OT1/ptm/bx/n' in size <10> not available
(Font)              Font shape `OT1/ptm/b/n' tried instead on input line 190.
LaTeX Font Info:    Font shape `OT1/ptm/bx/n' in size <7.4> not available
(Font)              Font shape `OT1/ptm/b/n' tried instead on input line 190.
LaTeX Font Info:    Font shape `OT1/ptm/bx/n' in size <6> not available
(Font)              Font shape `OT1/ptm/b/n' tried instead on input line 190.


LaTeX Warning: Citation `WatsonEtAl06' undefined on input line 191.


LaTeX Warning: Citation `BreenEtAl10' undefined on input line 195.


LaTeX Warning: Citation `WatsonGibson04' undefined on input line 195.


LaTeX Warning: Citation `GeeGrosjean83' undefined on input line 214.


LaTeX Warning: Citation `SolomonPearlmutter04' undefined on input line 217.


LaTeX Warning: Citation `DiBattistaPearlmutter11' undefined on input line 237.


LaTeX Warning: Citation `GillespiePearlmutter11' undefined on input line 237.


LaTeX Warning: Citation `PearlmutterSolomonCUNY07' undefined on input line 237.


[4]

LaTeX Warning: Citation `BockMiller91' undefined on input line 242.

[5] [6]

LaTeX Warning: Citation `FerreiraHumphreys01' undefined on input line 349.


LaTeX Warning: Citation `Fromkin73' undefined on input line 349.


LaTeX Warning: Citation `Garrett75' undefined on input line 349.


LaTeX Warning: Citation `Garrett80' undefined on input line 349.


LaTeX Warning: Citation `Ferber91' undefined on input line 349.


LaTeX Warning: Citation `MacKay80' undefined on input line 349.


LaTeX Warning: Citation `SmithWheeldon99' undefined on input line 349.


LaTeX Warning: Citation `WheeldonLahiri02' undefined on input line 349.


LaTeX Warning: Citation `Brown-SchmidtKonopka08' undefined on input line 349.


LaTeX Warning: Citation `Brown-SchmidtTanenhaus06' undefined on input line 349.



LaTeX Warning: Citation `Griffin01' undefined on input line 349.


LaTeX Warning: Citation `GriffinSpieler06' undefined on input line 349.


LaTeX Warning: Citation `Griffin04' undefined on input line 349.


LaTeX Warning: Citation `MeyerLethaus04' undefined on input line 349.

[7]

LaTeX Warning: Citation `ChristodoulouArnoldETAP2' undefined on input line 351.


[8]

LaTeX Warning: Citation `TOBI' undefined on input line 353.

[9] [10]
LaTeX Font Info:    Font shape `OT1/ptm/bx/n' in size <14.4> not available
(Font)              Font shape `OT1/ptm/b/n' tried instead on input line 417.
 [11] [12]

LaTeX Warning: Citation `ShroutFleiss79' undefined on input line 452.


LaTeX Warning: Citation `OCWTOBI' undefined on input line 454.


LaTeX Warning: Citation `BreenEtAl12' undefined on input line 454.


LaTeX Warning: Citation `SyrdalMcGory00' undefined on input line 454.

[13] [14]

LaTeX Warning: Citation `Praat' undefined on input line 501.


LaTeX Warning: Citation `TurkEtAl06' undefined on input line 501.

[15] [16]

LaTeX Warning: Citation `FrankJaeger08' undefined on input line 547.


LaTeX Warning: Citation `JurafskyEtAl01' undefined on input line 547.

LaTeX Font Info:    Font shape `OT1/ptm/bx/it' in size <12> not available
(Font)              Font shape `OT1/ptm/b/it' tried instead on input line 549.

LaTeX Warning: Citation `Rhodes96' undefined on input line 554.


LaTeX Warning: Citation `TurkShattuckHufnagel07' undefined on input line 554.

[17] [18]

LaTeX Warning: Citation `FerreiraDell00' undefined on input line 573.


LaTeX Warning: Citation `Jaeger10' undefined on input line 573.


LaTeX Warning: Citation `Bock86' undefined on input line 573.


LaTeX Warning: Citation `BockEtAl92' undefined on input line 573.


LaTeX Warning: Citation `BockWarren85' undefined on input line 573.


LaTeX Warning: Citation `ChristiansonFerreira05' undefined on input line 573.


LaTeX Warning: Citation `Ferreira96' undefined on input line 573.


LaTeX Warning: Citation `FerreiraYoshita03' undefined on input line 573.


LaTeX Warning: Citation `GomezGalloJaeger09' undefined on input line 575.

[19]

LaTeX Warning: Citation `OldfieldWingfield65' undefined on input line 582.


LaTeX Warning: Citation `Grainger90' undefined on input line 582.


LaTeX Warning: Citation `JescheniakLevelt94' undefined on input line 582.


LaTeX Warning: Citation `Zipf49' undefined on input line 582.


LaTeX Warning: Citation `Griffin03' undefined on input line 583.


LaTeX Warning: Citation `SUBTLEXUS' undefined on input line 583.


LaTeX Warning: Citation `GoogleNgram' undefined on input line 586.

[20]

LaTeX Warning: Citation `RPackage' undefined on input line 596.

[21] [22]

LaTeX Warning: File `HP2BreakPlot.pdf' not found on input line 640.


! Package pdftex.def Error: File `HP2BreakPlot.pdf' not found.

See the pdftex.def package documentation for explanation.
Type  H <return>  for immediate help.
 ...                                              
                                                  
l.640 ...udegraphics[scale = .8]{HP2BreakPlot.pdf}
                                                  
Using draft setting for this image.
Try typing  <return>  to proceed.
If that doesn't work, type  X <return>  to quit.

[23]

LaTeX Warning: Citation `Harrell01' undefined on input line 815.


! LaTeX Error: File `HP2DurationNoBreak' not found.

See the LaTeX manual or LaTeX Companion for explanation.
Type  H <return>  for immediate help.
 ...                                              
                                                  
l.828 ...idth=.85\textwidth]{HP2DurationNoBreak}}}
                                                  
I could not locate the file with any of these extensions:
.png,.pdf,.jpg,.mps,.jpeg,.jbig2,.jb2,.PNG,.PDF,.JPG,.JPEG,.JBIG2,.JB2,.eps
Try typing  <return>  to proceed.
If that doesn't work, type  X <return>  to quit.

[24] [25] [26]

LaTeX Warning: Citation `CliftonEtAl02' undefined on input line 905.


LaTeX Warning: Citation `Jun03' undefined on input line 905.


LaTeX Warning: Citation `PriceEtAl91' undefined on input line 905.


LaTeX Warning: Citation `SchaferEtAl00' undefined on input line 905.


LaTeX Warning: Citation `SnedeckerCasserly10' undefined on input line 905.


LaTeX Warning: Citation `WatsonGibson05' undefined on input line 905.


LaTeX Warning: Citation `Lehiste73' undefined on input line 907.


LaTeX Warning: Citation `KjelgaardSpeer99' undefined on input line 907.


LaTeX Warning: Citation `SnedekerTrueswell03' undefined on input line 907.

[27] [28] [29] [30] [31] [32] [33]

LaTeX Warning: Citation `GelmanHill07' undefined on input line 1064.

[34] [35]

! LaTeX Error: File `DurationResults' not found.

See the LaTeX manual or LaTeX Companion for explanation.
Type  H <return>  for immediate help.
 ...                                              
                                                  
l.1104 ...[width=.85\textwidth]{DurationResults}}}
                                                  
I could not locate the file with any of these extensions:
.png,.pdf,.jpg,.mps,.jpeg,.jbig2,.jb2,.PNG,.PDF,.JPG,.JPEG,.JBIG2,.JB2,.eps
Try typing  <return>  to proceed.
If that doesn't work, type  X <return>  to quit.

[36]

LaTeX Warning: Citation `OppermannEtAl10' undefined on input line 1116.


LaTeX Warning: Citation `InhoffEtAl11' undefined on input line 1121.


LaTeX Warning: Citation `EyeVoiceSpan' undefined on input line 1121.

[37] [38]

LaTeX Warning: Citation `ArnoldETAP11' undefined on input line 1142.


LaTeX Warning: Citation `KahnArnoldETAP11' undefined on input line 1142.


LaTeX Warning: Citation `LamWatson10' undefined on input line 1142.

[39]

LaTeX Warning: Citation `ArnoldWatsonETAP' undefined on input line 1148.


LaTeX Warning: Citation `GillespiePearlmutterCUNY12' undefined on input line 11
50.

[40]

LaTeX Warning: Citation `HaskellMacDonald03' undefined on input line 1153.


LaTeX Warning: Citation `HaskellMacDonald05' undefined on input line 1153.


LaTeX Warning: Citation `SantiEtAlETAP11' undefined on input line 1153.

[41] [42] (./Semrel_template.bbl) [43] [44] (./Semrel_template.aux)

LaTeX Warning: There were undefined references.

 ) 
Here is how much of TeX's memory you used:
 5241 strings out of 493488
 71272 string characters out of 3141326
 160910 words of memory out of 3000000
 8380 multiletter control sequences out of 15000+200000
 45336 words of font info for 97 fonts, out of 3000000 for 9000
 958 hyphenation exceptions out of 8191
 38i,18n,43p,2410b,642s stack positions out of 5000i,500n,10000p,200000b,50000s
{/usr/local/texlive/2012/texmf-dist/fonts/enc/dvips/base/8r.enc}</usr/local/t
exlive/2012/texmf-dist/fonts/type1/public/amsfonts/cm/cmmi10.pfb></usr/local/te
xlive/2012/texmf-dist/fonts/type1/public/amsfonts/cm/cmr10.pfb></usr/local/texl
ive/2012/texmf-dist/fonts/type1/public/amsfonts/cm/cmsy10.pfb></usr/local/texli
ve/2012/texmf-dist/fonts/type1/public/amsfonts/cm/cmtt12.pfb></usr/local/texliv
e/2012/texmf-dist/fonts/type1/public/amsfonts/symbols/msam10.pfb></usr/local/te
xlive/2012/texmf-dist/fonts/type1/urw/symbol/usyr.pfb></usr/local/texlive/2012/
texmf-dist/fonts/type1/urw/times/utmb8a.pfb></usr/local/texlive/2012/texmf-dist
/fonts/type1/urw/times/utmbi8a.pfb></usr/local/texlive/2012/texmf-dist/fonts/ty
pe1/urw/times/utmr8a.pfb></usr/local/texlive/2012/texmf-dist/fonts/type1/urw/ti
mes/utmr8a.pfb></usr/local/texlive/2012/texmf-dist/fonts/type1/urw/times/utmri8
a.pfb>
Output written on Semrel_template.pdf (45 pages, 186291 bytes).
PDF statistics:
 196 PDF objects out of 1000 (max. 8388607)
 136 compressed objects within 2 object streams
 0 named destinations out of 1000 (max. 500000)
 1 words of extra memory for PDF output out of 10000 (max. 10000000)

